#-----------------------------------------------------------
# Vivado v2021.1 (64-bit)
# SW Build 3247384 on Thu Jun 10 19:36:07 MDT 2021
# IP Build 3246043 on Fri Jun 11 00:30:35 MDT 2021
# Start of session at: Sun Oct 31 04:08:21 2021
# Process ID: 1450305
# Current directory: /mnt/shared/Linux/gdrive/usm/2021-s2/ipd432/repo/tarea_1/Entrega
# Command line: vivado
# Log file: /mnt/shared/Linux/gdrive/usm/2021-s2/ipd432/repo/tarea_1/Entrega/vivado.log
# Journal file: /mnt/shared/Linux/gdrive/usm/2021-s2/ipd432/repo/tarea_1/Entrega/vivado.jou
#-----------------------------------------------------------
start_gui
open_project /home/mauricio/Tarea_1/1_4/clock.xpr
INFO: [Project 1-313] Project file moved from '/mnt/shared/Linux/gdrive/usm/2021-s2/ipd432/repo/tarea_1/Entrega/1_4' since last save.
WARNING: [filemgmt 56-2] Default IP Output Path : Could not find the directory '/home/mauricio/Tarea_1/1_4/clock.gen/sources_1', nor could it be found using path '/mnt/shared/Linux/gdrive/usm/2021-s2/ipd432/repo/tarea_1/Entrega/1_4/clock.gen/sources_1'.
INFO: [filemgmt 56-1] IPUserFilesDir: Directory not found as '/home/mauricio/clock/clock.ip_user_files'; using path '/mnt/shared/Linux/gdrive/usm/2021-s2/ipd432/repo/tarea_1/clock/clock.ip_user_files' instead.
Scanning sources...
Finished scanning sources
WARNING: [Project 1-509] GeneratedRun file for 'synth_1' not found
WARNING: [Project 1-509] GeneratedRun file for 'impl_1' not found
INFO: [IP_Flow 19-234] Refreshing IP repositories
INFO: [IP_Flow 19-1704] No user IP repositories specified
INFO: [IP_Flow 19-2313] Loaded Vivado IP repository '/tools/Xilinx/Vivado/2021.1/data/ip'.
INFO: [IP_Flow 19-3899] Cannot get the environment domain name variable for the component vendor name. Setting the vendor name to 'user.org'.
update_compile_order -fileset sources_1
launch_runs synth_1 -jobs 6
[Sun Oct 31 04:08:49 2021] Launched synth_1...
Run output will be captured here: /home/mauricio/Tarea_1/1_4/clock.runs/synth_1/runme.log
exit
INFO: [Common 17-206] Exiting Vivado at Sun Oct 31 04:09:13 2021...
